2024-12-02 16:20:45,086 [Worker-1: Loading available Gradle versions] INFO  o.e.b.c.i.u.g.PublishedGradleVersions - Gradle version information cache is not available. Remote download required.
2024-12-02 16:23:02,269 [Worker-10: Import Getting Started Content] INFO  o.e.m.c.i.l.LifecycleMappingFactory - Using org.eclipse.m2e.jdt.JarLifecycleMapping lifecycle mapping for MavenProject: com.ihub.www:Backend:0.0.1-SNAPSHOT @ E:\Programs\Java Project\STS Workspace\demo\pom.xml.
2024-12-02 16:23:04,688 [Worker-10: Import Getting Started Content] INFO  o.e.m.c.i.e.AbstractTransferListenerAdapter - Downloading https://repo.maven.apache.org/maven2/com/mysql/mysql-connector-j/9.1.0/mysql-connector-j-9.1.0.pom
2024-12-02 16:23:04,719 [Worker-10: Import Getting Started Content] INFO  o.e.m.c.i.e.AbstractTransferListenerAdapter - Downloaded https://repo.maven.apache.org/maven2/com/mysql/mysql-connector-j/9.1.0/mysql-connector-j-9.1.0.pom
2024-12-02 16:23:04,732 [Worker-10: Import Getting Started Content] INFO  o.e.m.c.i.e.AbstractTransferListenerAdapter - Downloading https://repo.maven.apache.org/maven2/org/projectlombok/lombok/1.18.36/lombok-1.18.36.pom
2024-12-02 16:23:04,756 [Worker-10: Import Getting Started Content] INFO  o.e.m.c.i.e.AbstractTransferListenerAdapter - Downloaded https://repo.maven.apache.org/maven2/org/projectlombok/lombok/1.18.36/lombok-1.18.36.pom
2024-12-02 16:23:05,440 [Worker-10: Import Getting Started Content] INFO  o.e.m.c.i.e.AbstractTransferListenerAdapter - Downloading https://repo.maven.apache.org/maven2/com/mysql/mysql-connector-j/9.1.0/mysql-connector-j-9.1.0.jar
2024-12-02 16:23:05,718 [Worker-10: Import Getting Started Content] INFO  o.e.m.c.i.e.AbstractTransferListenerAdapter - Downloaded https://repo.maven.apache.org/maven2/com/mysql/mysql-connector-j/9.1.0/mysql-connector-j-9.1.0.jar
2024-12-02 16:23:05,726 [BasicRepositoryConnector-repo.maven.apache.org-0-0] INFO  o.e.m.c.i.e.AbstractTransferListenerAdapter - Downloading https://repo.maven.apache.org/maven2/org/projectlombok/lombok/1.18.36/lombok-1.18.36.jar
2024-12-02 16:23:05,896 [BasicRepositoryConnector-repo.maven.apache.org-0-0] INFO  o.e.m.c.i.e.AbstractTransferListenerAdapter - Downloaded https://repo.maven.apache.org/maven2/org/projectlombok/lombok/1.18.36/lombok-1.18.36.jar
2024-12-02 16:23:08,028 [Worker-10: Import Getting Started Content] INFO  o.e.m.j.i.AbstractJavaProjectConfigurator - Adding source folder /demo/src/main/java
2024-12-02 16:23:08,030 [Worker-10: Import Getting Started Content] INFO  o.e.m.j.i.AbstractJavaProjectConfigurator - Adding resource folder /demo/src/main/resources
2024-12-02 16:23:08,041 [Worker-10: Import Getting Started Content] INFO  o.e.m.j.i.AbstractJavaProjectConfigurator - Adding resource folder /demo/src/main/resources
2024-12-02 16:23:08,052 [Worker-10: Import Getting Started Content] INFO  o.e.m.j.i.AbstractJavaProjectConfigurator - Adding source folder /demo/src/test/java
2024-12-02 16:23:08,053 [Worker-10: Import Getting Started Content] INFO  o.e.m.j.i.AbstractJavaProjectConfigurator - Adding resource folder /demo/src/test/resources
2024-12-02 16:23:08,563 [Worker-7: Download sources and javadoc] INFO  o.e.m.c.i.e.AbstractTransferListenerAdapter - Downloading https://repo.maven.apache.org/maven2/com/mysql/mysql-connector-j/9.1.0/mysql-connector-j-9.1.0-sources.jar
2024-12-02 16:23:08,852 [Worker-7: Download sources and javadoc] INFO  o.e.m.c.i.e.AbstractTransferListenerAdapter - Downloaded https://repo.maven.apache.org/maven2/com/mysql/mysql-connector-j/9.1.0/mysql-connector-j-9.1.0-sources.jar
2024-12-02 16:23:08,857 [Worker-7: Download sources and javadoc] INFO  o.e.m.j.internal.DownloadSourcesJob - Downloaded sources for com.mysql:mysql-connector-j:9.1.0
2024-12-02 16:23:08,882 [Worker-7: Download sources and javadoc] INFO  o.e.m.c.i.e.AbstractTransferListenerAdapter - Downloading https://repo.maven.apache.org/maven2/org/projectlombok/lombok/1.18.36/lombok-1.18.36-sources.jar
2024-12-02 16:23:09,028 [Worker-7: Download sources and javadoc] INFO  o.e.m.c.i.e.AbstractTransferListenerAdapter - Downloaded https://repo.maven.apache.org/maven2/org/projectlombok/lombok/1.18.36/lombok-1.18.36-sources.jar
2024-12-02 16:23:09,034 [Worker-7: Download sources and javadoc] INFO  o.e.m.j.internal.DownloadSourcesJob - Downloaded sources for org.projectlombok:lombok:1.18.36
2024-12-02 16:23:13,016 [Worker-10: Import Getting Started Content] INFO  o.e.m.c.i.p.ProjectConfigurationManager - Imported and configured 1 project(s) in 16 sec
2024-12-02 16:23:13,020 [Worker-10: Import Getting Started Content] INFO  o.e.m.c.i.p.ProjectConfigurationManager - Update started
2024-12-02 16:23:13,496 [Worker-10: Import Getting Started Content] INFO  o.e.m.c.i.l.LifecycleMappingFactory - Using org.eclipse.m2e.jdt.JarLifecycleMapping lifecycle mapping for MavenProject: com.ihub.www:Backend:0.0.1-SNAPSHOT @ E:\Programs\Java Project\STS Workspace\demo\pom.xml.
2024-12-02 16:23:14,592 [Worker-10: Import Getting Started Content] INFO  o.e.m.j.i.AbstractJavaProjectConfigurator - Adding source folder /demo/src/main/java
2024-12-02 16:23:14,593 [Worker-10: Import Getting Started Content] INFO  o.e.m.j.i.AbstractJavaProjectConfigurator - Adding resource folder /demo/src/main/resources
2024-12-02 16:23:14,595 [Worker-10: Import Getting Started Content] INFO  o.e.m.j.i.AbstractJavaProjectConfigurator - Adding resource folder /demo/src/main/resources
2024-12-02 16:23:14,596 [Worker-10: Import Getting Started Content] INFO  o.e.m.j.i.AbstractJavaProjectConfigurator - Adding source folder /demo/src/test/java
2024-12-02 16:23:14,598 [Worker-10: Import Getting Started Content] INFO  o.e.m.j.i.AbstractJavaProjectConfigurator - Adding resource folder /demo/src/test/resources
2024-12-02 16:23:15,696 [Worker-10: Import Getting Started Content] INFO  o.e.m.c.i.p.ProjectConfigurationManager - Update completed for 1 poms: local refresh takes 0.00 sec, refresh facades takes 1.00 sec, update config takes 0.00 sec 
2024-12-02 16:23:17,284 [Worker-0: Building] INFO  o.a.m.s.f.DefaultMavenResourcesFiltering - Copying 1 resource from src\main\resources to target\classes
2024-12-02 16:23:17,310 [Worker-0: Building] INFO  o.a.m.s.f.DefaultMavenResourcesFiltering - Copying 0 resource from src\main\resources to target\classes
2024-12-02 16:23:17,319 [Worker-0: Building] INFO  o.a.m.s.f.DefaultMavenResourcesFiltering - skip non existing resourceDirectory E:\Programs\Java Project\STS Workspace\demo\src\test\resources
2024-12-02 16:24:52,362 [Worker-6: Import Getting Started Content] INFO  o.e.m.c.i.l.LifecycleMappingFactory - Using org.eclipse.m2e.jdt.JarLifecycleMapping lifecycle mapping for MavenProject: com.ihub.www:Backend:0.0.1-SNAPSHOT @ E:\Programs\Java Project\STS Workspace\demo\pom.xml.
2024-12-02 16:24:53,293 [Worker-6: Import Getting Started Content] INFO  o.e.m.j.i.AbstractJavaProjectConfigurator - Adding source folder /demo/src/main/java
2024-12-02 16:24:53,294 [Worker-6: Import Getting Started Content] INFO  o.e.m.j.i.AbstractJavaProjectConfigurator - Adding resource folder /demo/src/main/resources
2024-12-02 16:24:53,298 [Worker-6: Import Getting Started Content] INFO  o.e.m.j.i.AbstractJavaProjectConfigurator - Adding resource folder /demo/src/main/resources
2024-12-02 16:24:53,308 [Worker-6: Import Getting Started Content] INFO  o.e.m.j.i.AbstractJavaProjectConfigurator - Adding source folder /demo/src/test/java
2024-12-02 16:24:53,309 [Worker-6: Import Getting Started Content] INFO  o.e.m.j.i.AbstractJavaProjectConfigurator - Adding resource folder /demo/src/test/resources
2024-12-02 16:24:53,608 [Worker-6: Import Getting Started Content] INFO  o.e.m.c.i.p.ProjectConfigurationManager - Imported and configured 1 project(s) in 1 sec
2024-12-02 16:24:53,610 [Worker-6: Import Getting Started Content] INFO  o.e.m.c.i.p.ProjectConfigurationManager - Update started
2024-12-02 16:24:54,054 [Worker-6: Import Getting Started Content] INFO  o.e.m.c.i.l.LifecycleMappingFactory - Using org.eclipse.m2e.jdt.JarLifecycleMapping lifecycle mapping for MavenProject: com.ihub.www:Backend:0.0.1-SNAPSHOT @ E:\Programs\Java Project\STS Workspace\demo\pom.xml.
2024-12-02 16:24:54,665 [Worker-6: Import Getting Started Content] INFO  o.e.m.j.i.AbstractJavaProjectConfigurator - Adding source folder /demo/src/main/java
2024-12-02 16:24:54,666 [Worker-6: Import Getting Started Content] INFO  o.e.m.j.i.AbstractJavaProjectConfigurator - Adding resource folder /demo/src/main/resources
2024-12-02 16:24:54,667 [Worker-6: Import Getting Started Content] INFO  o.e.m.j.i.AbstractJavaProjectConfigurator - Adding resource folder /demo/src/main/resources
2024-12-02 16:24:54,667 [Worker-6: Import Getting Started Content] INFO  o.e.m.j.i.AbstractJavaProjectConfigurator - Adding source folder /demo/src/test/java
2024-12-02 16:24:54,668 [Worker-6: Import Getting Started Content] INFO  o.e.m.j.i.AbstractJavaProjectConfigurator - Adding resource folder /demo/src/test/resources
2024-12-02 16:24:55,477 [Worker-6: Import Getting Started Content] INFO  o.e.m.c.i.p.ProjectConfigurationManager - Update completed for 1 poms: local refresh takes 0.00 sec, refresh facades takes 0.00 sec, update config takes 0.00 sec 
2024-12-02 16:24:56,040 [Worker-7: Building] INFO  o.a.m.s.f.DefaultMavenResourcesFiltering - Copying 1 resource from src\main\resources to target\classes
2024-12-02 16:24:56,061 [Worker-7: Building] INFO  o.a.m.s.f.DefaultMavenResourcesFiltering - Copying 0 resource from src\main\resources to target\classes
2024-12-02 16:24:56,069 [Worker-7: Building] INFO  o.a.m.s.f.DefaultMavenResourcesFiltering - skip non existing resourceDirectory E:\Programs\Java Project\STS Workspace\demo\src\test\resources
2024-12-02 16:25:41,306 [Worker-1: Import Getting Started Content] INFO  o.e.m.c.i.l.LifecycleMappingFactory - Using org.eclipse.m2e.jdt.JarLifecycleMapping lifecycle mapping for MavenProject: com.ihub.www:Backend:0.0.1-SNAPSHOT @ E:\Programs\Java Project\STS Workspace\Backend\pom.xml.
2024-12-02 16:25:42,530 [Worker-1: Import Getting Started Content] INFO  o.e.m.j.i.AbstractJavaProjectConfigurator - Adding source folder /Backend/src/main/java
2024-12-02 16:25:42,531 [Worker-1: Import Getting Started Content] INFO  o.e.m.j.i.AbstractJavaProjectConfigurator - Adding resource folder /Backend/src/main/resources
2024-12-02 16:25:42,535 [Worker-1: Import Getting Started Content] INFO  o.e.m.j.i.AbstractJavaProjectConfigurator - Adding resource folder /Backend/src/main/resources
2024-12-02 16:25:42,548 [Worker-1: Import Getting Started Content] INFO  o.e.m.j.i.AbstractJavaProjectConfigurator - Adding source folder /Backend/src/test/java
2024-12-02 16:25:42,550 [Worker-1: Import Getting Started Content] INFO  o.e.m.j.i.AbstractJavaProjectConfigurator - Adding resource folder /Backend/src/test/resources
2024-12-02 16:25:43,076 [Worker-1: Import Getting Started Content] INFO  o.e.m.c.i.p.ProjectConfigurationManager - Imported and configured 1 project(s) in 2 sec
2024-12-02 16:25:43,080 [Worker-1: Import Getting Started Content] INFO  o.e.m.c.i.p.ProjectConfigurationManager - Update started
2024-12-02 16:25:43,681 [Worker-1: Import Getting Started Content] INFO  o.e.m.c.i.l.LifecycleMappingFactory - Using org.eclipse.m2e.jdt.JarLifecycleMapping lifecycle mapping for MavenProject: com.ihub.www:Backend:0.0.1-SNAPSHOT @ E:\Programs\Java Project\STS Workspace\Backend\pom.xml.
2024-12-02 16:25:44,413 [Worker-1: Import Getting Started Content] INFO  o.e.m.j.i.AbstractJavaProjectConfigurator - Adding source folder /Backend/src/main/java
2024-12-02 16:25:44,414 [Worker-1: Import Getting Started Content] INFO  o.e.m.j.i.AbstractJavaProjectConfigurator - Adding resource folder /Backend/src/main/resources
2024-12-02 16:25:44,415 [Worker-1: Import Getting Started Content] INFO  o.e.m.j.i.AbstractJavaProjectConfigurator - Adding resource folder /Backend/src/main/resources
2024-12-02 16:25:44,415 [Worker-1: Import Getting Started Content] INFO  o.e.m.j.i.AbstractJavaProjectConfigurator - Adding source folder /Backend/src/test/java
2024-12-02 16:25:44,416 [Worker-1: Import Getting Started Content] INFO  o.e.m.j.i.AbstractJavaProjectConfigurator - Adding resource folder /Backend/src/test/resources
2024-12-02 16:25:44,986 [Worker-1: Import Getting Started Content] INFO  o.e.m.c.i.p.ProjectConfigurationManager - Update completed for 1 poms: local refresh takes 0.00 sec, refresh facades takes 1.00 sec, update config takes 0.00 sec 
2024-12-02 16:25:45,647 [Worker-4: Building] INFO  o.a.m.s.f.DefaultMavenResourcesFiltering - Copying 1 resource from src\main\resources to target\classes
2024-12-02 16:25:45,665 [Worker-4: Building] INFO  o.a.m.s.f.DefaultMavenResourcesFiltering - Copying 0 resource from src\main\resources to target\classes
2024-12-02 16:25:45,674 [Worker-4: Building] INFO  o.a.m.s.f.DefaultMavenResourcesFiltering - skip non existing resourceDirectory E:\Programs\Java Project\STS Workspace\Backend\src\test\resources
2024-12-02 16:31:14,357 [Worker-12: Building] INFO  o.a.m.s.f.DefaultMavenResourcesFiltering - Copying 1 resource from src\main\resources to target\classes
2024-12-02 16:31:14,363 [Worker-12: Building] INFO  o.a.m.s.f.DefaultMavenResourcesFiltering - Copying 0 resource from src\main\resources to target\classes
2024-12-02 16:31:14,366 [Worker-12: Building] INFO  o.a.m.s.f.DefaultMavenResourcesFiltering - skip non existing resourceDirectory E:\Programs\Java Project\STS Workspace\Backend\src\test\resources
2024-12-02 16:31:46,208 [Worker-13: Building] INFO  o.a.m.s.f.DefaultMavenResourcesFiltering - Copying 1 resource from src\main\resources to target\classes
2024-12-02 16:31:46,244 [Worker-13: Building] INFO  o.a.m.s.f.DefaultMavenResourcesFiltering - Copying 0 resource from src\main\resources to target\classes
2024-12-02 16:31:46,252 [Worker-13: Building] INFO  o.a.m.s.f.DefaultMavenResourcesFiltering - skip non existing resourceDirectory E:\Programs\Java Project\STS Workspace\Backend\src\test\resources
2024-12-02 16:32:15,111 [Worker-13: Building] INFO  o.a.m.s.f.DefaultMavenResourcesFiltering - Copying 1 resource from src\main\resources to target\classes
2024-12-02 16:32:15,118 [Worker-13: Building] INFO  o.a.m.s.f.DefaultMavenResourcesFiltering - Copying 0 resource from src\main\resources to target\classes
2024-12-02 16:32:15,122 [Worker-13: Building] INFO  o.a.m.s.f.DefaultMavenResourcesFiltering - skip non existing resourceDirectory E:\Programs\Java Project\STS Workspace\Backend\src\test\resources
2024-12-02 16:32:44,493 [Worker-12: Building] INFO  o.a.m.s.f.DefaultMavenResourcesFiltering - Copying 1 resource from src\main\resources to target\classes
2024-12-02 16:32:44,502 [Worker-12: Building] INFO  o.a.m.s.f.DefaultMavenResourcesFiltering - Copying 0 resource from src\main\resources to target\classes
2024-12-02 16:32:44,511 [Worker-12: Building] INFO  o.a.m.s.f.DefaultMavenResourcesFiltering - skip non existing resourceDirectory E:\Programs\Java Project\STS Workspace\Backend\src\test\resources
2024-12-02 16:33:22,743 [Worker-7: Building] INFO  o.a.m.s.f.DefaultMavenResourcesFiltering - Copying 1 resource from src\main\resources to target\classes
2024-12-02 16:33:22,747 [Worker-7: Building] INFO  o.a.m.s.f.DefaultMavenResourcesFiltering - Copying 0 resource from src\main\resources to target\classes
2024-12-02 16:33:22,750 [Worker-7: Building] INFO  o.a.m.s.f.DefaultMavenResourcesFiltering - skip non existing resourceDirectory E:\Programs\Java Project\STS Workspace\Backend\src\test\resources
2024-12-02 16:33:51,062 [Worker-7: Building] INFO  o.a.m.s.f.DefaultMavenResourcesFiltering - Copying 1 resource from src\main\resources to target\classes
2024-12-02 16:33:51,083 [Worker-7: Building] INFO  o.a.m.s.f.DefaultMavenResourcesFiltering - Copying 0 resource from src\main\resources to target\classes
2024-12-02 16:33:51,088 [Worker-7: Building] INFO  o.a.m.s.f.DefaultMavenResourcesFiltering - skip non existing resourceDirectory E:\Programs\Java Project\STS Workspace\Backend\src\test\resources
2024-12-02 16:34:10,051 [Worker-10: Building] INFO  o.a.m.s.f.DefaultMavenResourcesFiltering - Copying 1 resource from src\main\resources to target\classes
2024-12-02 16:34:10,084 [Worker-10: Building] INFO  o.a.m.s.f.DefaultMavenResourcesFiltering - Copying 0 resource from src\main\resources to target\classes
2024-12-02 16:34:10,091 [Worker-10: Building] INFO  o.a.m.s.f.DefaultMavenResourcesFiltering - skip non existing resourceDirectory E:\Programs\Java Project\STS Workspace\Backend\src\test\resources
2024-12-02 16:35:07,295 [Worker-11: Building] INFO  o.a.m.s.f.DefaultMavenResourcesFiltering - Copying 1 resource from src\main\resources to target\classes
2024-12-02 16:35:07,305 [Worker-11: Building] INFO  o.a.m.s.f.DefaultMavenResourcesFiltering - Copying 0 resource from src\main\resources to target\classes
2024-12-02 16:35:07,313 [Worker-11: Building] INFO  o.a.m.s.f.DefaultMavenResourcesFiltering - skip non existing resourceDirectory E:\Programs\Java Project\STS Workspace\Backend\src\test\resources
2024-12-02 16:35:52,350 [Worker-7: Building] INFO  o.a.m.s.f.DefaultMavenResourcesFiltering - Copying 1 resource from src\main\resources to target\classes
2024-12-02 16:35:52,356 [Worker-7: Building] INFO  o.a.m.s.f.DefaultMavenResourcesFiltering - Copying 0 resource from src\main\resources to target\classes
2024-12-02 16:35:52,360 [Worker-7: Building] INFO  o.a.m.s.f.DefaultMavenResourcesFiltering - skip non existing resourceDirectory E:\Programs\Java Project\STS Workspace\Backend\src\test\resources
2024-12-02 16:36:30,183 [Worker-7: Building] INFO  o.a.m.s.f.DefaultMavenResourcesFiltering - Copying 1 resource from src\main\resources to target\classes
2024-12-02 16:36:30,192 [Worker-7: Building] INFO  o.a.m.s.f.DefaultMavenResourcesFiltering - Copying 0 resource from src\main\resources to target\classes
2024-12-02 16:36:30,201 [Worker-7: Building] INFO  o.a.m.s.f.DefaultMavenResourcesFiltering - skip non existing resourceDirectory E:\Programs\Java Project\STS Workspace\Backend\src\test\resources
2024-12-02 16:37:19,029 [Worker-7: Building] INFO  o.a.m.s.f.DefaultMavenResourcesFiltering - Copying 1 resource from src\main\resources to target\classes
2024-12-02 16:37:19,038 [Worker-7: Building] INFO  o.a.m.s.f.DefaultMavenResourcesFiltering - Copying 0 resource from src\main\resources to target\classes
2024-12-02 16:37:19,041 [Worker-7: Building] INFO  o.a.m.s.f.DefaultMavenResourcesFiltering - skip non existing resourceDirectory E:\Programs\Java Project\STS Workspace\Backend\src\test\resources
2024-12-02 16:38:25,678 [Worker-12: Building] INFO  o.a.m.s.f.DefaultMavenResourcesFiltering - Copying 1 resource from src\main\resources to target\classes
2024-12-02 16:38:25,682 [Worker-12: Building] INFO  o.a.m.s.f.DefaultMavenResourcesFiltering - Copying 0 resource from src\main\resources to target\classes
2024-12-02 16:38:25,685 [Worker-12: Building] INFO  o.a.m.s.f.DefaultMavenResourcesFiltering - skip non existing resourceDirectory E:\Programs\Java Project\STS Workspace\Backend\src\test\resources
2024-12-02 16:44:08,257 [Worker-18: Building] INFO  o.a.m.s.f.DefaultMavenResourcesFiltering - Copying 1 resource from src\main\resources to target\classes
2024-12-02 16:44:08,264 [Worker-18: Building] INFO  o.a.m.s.f.DefaultMavenResourcesFiltering - Copying 0 resource from src\main\resources to target\classes
2024-12-02 16:44:08,266 [Worker-18: Building] INFO  o.a.m.s.f.DefaultMavenResourcesFiltering - skip non existing resourceDirectory E:\Programs\Java Project\STS Workspace\Backend\src\test\resources
2024-12-03 14:11:17,272 [Worker-2: Loading available Gradle versions] INFO  o.e.b.c.i.u.g.PublishedGradleVersions - Gradle version information cache is up-to-date. Trying to read.
2024-12-03 14:11:37,921 [Worker-7: Building] INFO  o.a.m.s.f.DefaultMavenResourcesFiltering - Copying 1 resource from src\main\resources to target\classes
2024-12-03 14:11:37,942 [Worker-7: Building] INFO  o.a.m.s.f.DefaultMavenResourcesFiltering - Copying 0 resource from src\main\resources to target\classes
2024-12-03 14:11:37,950 [Worker-7: Building] INFO  o.a.m.s.f.DefaultMavenResourcesFiltering - skip non existing resourceDirectory E:\Programs\Java Project\STS Workspace\Backend\src\test\resources
2024-12-03 14:11:55,117 [Worker-9: Building] INFO  o.a.m.s.f.DefaultMavenResourcesFiltering - Copying 1 resource from src\main\resources to target\classes
2024-12-03 14:11:55,127 [Worker-9: Building] INFO  o.a.m.s.f.DefaultMavenResourcesFiltering - Copying 0 resource from src\main\resources to target\classes
2024-12-03 14:11:55,134 [Worker-9: Building] INFO  o.a.m.s.f.DefaultMavenResourcesFiltering - skip non existing resourceDirectory E:\Programs\Java Project\STS Workspace\Backend\src\test\resources
2024-12-03 14:15:51,894 [Worker-13: Launching Backend - BackendApplication] INFO  o.a.m.s.f.DefaultMavenResourcesFiltering - Copying 1 resource from src\main\resources to target\classes
2024-12-03 14:15:51,914 [Worker-13: Launching Backend - BackendApplication] INFO  o.a.m.s.f.DefaultMavenResourcesFiltering - Copying 0 resource from src\main\resources to target\classes
2024-12-03 14:15:51,922 [Worker-13: Launching Backend - BackendApplication] INFO  o.a.m.s.f.DefaultMavenResourcesFiltering - skip non existing resourceDirectory E:\Programs\Java Project\STS Workspace\Backend\src\test\resources
2024-12-03 14:17:34,736 [Worker-12: Building] INFO  o.a.m.s.f.DefaultMavenResourcesFiltering - Copying 1 resource from src\main\resources to target\classes
2024-12-03 14:17:34,744 [Worker-12: Building] INFO  o.a.m.s.f.DefaultMavenResourcesFiltering - Copying 0 resource from src\main\resources to target\classes
2024-12-03 14:17:34,750 [Worker-12: Building] INFO  o.a.m.s.f.DefaultMavenResourcesFiltering - skip non existing resourceDirectory E:\Programs\Java Project\STS Workspace\Backend\src\test\resources
2024-12-03 14:23:56,933 [Worker-19: Building] INFO  o.a.m.s.f.DefaultMavenResourcesFiltering - Copying 1 resource from src\main\resources to target\classes
2024-12-03 14:23:56,940 [Worker-19: Building] INFO  o.a.m.s.f.DefaultMavenResourcesFiltering - Copying 0 resource from src\main\resources to target\classes
2024-12-03 14:23:56,944 [Worker-19: Building] INFO  o.a.m.s.f.DefaultMavenResourcesFiltering - skip non existing resourceDirectory E:\Programs\Java Project\STS Workspace\Backend\src\test\resources
2024-12-03 14:25:15,408 [Worker-18: Building] INFO  o.a.m.s.f.DefaultMavenResourcesFiltering - Copying 1 resource from src\main\resources to target\classes
2024-12-03 14:25:15,416 [Worker-18: Building] INFO  o.a.m.s.f.DefaultMavenResourcesFiltering - Copying 0 resource from src\main\resources to target\classes
2024-12-03 14:25:15,422 [Worker-18: Building] INFO  o.a.m.s.f.DefaultMavenResourcesFiltering - skip non existing resourceDirectory E:\Programs\Java Project\STS Workspace\Backend\src\test\resources
2024-12-03 14:28:31,765 [Worker-23: Building] INFO  o.e.m.c.i.l.LifecycleMappingFactory - Using org.eclipse.m2e.jdt.JarLifecycleMapping lifecycle mapping for MavenProject: com.ihub.www:Backend:0.0.1-SNAPSHOT @ E:\Programs\Java Project\STS Workspace\Backend\pom.xml.
2024-12-03 14:28:32,510 [Worker-23: Building] INFO  o.a.m.s.f.DefaultMavenResourcesFiltering - Copying 0 resource from src\main\resources to target\classes
2024-12-03 14:28:32,511 [Worker-23: Building] INFO  o.a.m.s.f.DefaultMavenResourcesFiltering - Copying 0 resource from src\main\resources to target\classes
2024-12-03 14:28:32,517 [Worker-23: Building] INFO  o.a.m.s.f.DefaultMavenResourcesFiltering - skip non existing resourceDirectory E:\Programs\Java Project\STS Workspace\Backend\src\test\resources
2024-12-03 14:28:34,042 [Worker-21: Building] INFO  o.a.m.s.f.DefaultMavenResourcesFiltering - Copying 1 resource from src\main\resources to target\classes
2024-12-03 14:28:34,059 [Worker-21: Building] INFO  o.a.m.s.f.DefaultMavenResourcesFiltering - Copying 0 resource from src\main\resources to target\classes
2024-12-03 14:28:34,062 [Worker-21: Building] INFO  o.a.m.s.f.DefaultMavenResourcesFiltering - skip non existing resourceDirectory E:\Programs\Java Project\STS Workspace\Backend\src\test\resources
2024-12-03 14:29:11,259 [Worker-25: Launching Executing clean in E__Programs_Java Project_STS Workspace_Backend] INFO  o.eclipse.m2e.core.internal.Bundles - getClasspathEntries(Bundle=org.eclipse.m2e.maven.runtime_3.9.900.20240824-1409 [359])
2024-12-03 14:29:11,263 [Worker-25: Launching Executing clean in E__Programs_Java Project_STS Workspace_Backend] INFO  o.eclipse.m2e.core.internal.Bundles - 	Entry: E:\Softwares\sts-4.25.0.RELEASE\plugins\org.eclipse.m2e.maven.runtime_3.9.900.20240824-1409
2024-12-03 14:29:11,264 [Worker-25: Launching Executing clean in E__Programs_Java Project_STS Workspace_Backend] INFO  o.eclipse.m2e.core.internal.Bundles - 	Entry: E:\Softwares\sts-4.25.0.RELEASE\plugins\org.eclipse.m2e.maven.runtime_3.9.900.20240824-1409\jars\aopalliance-1.0.jar
2024-12-03 14:29:11,264 [Worker-25: Launching Executing clean in E__Programs_Java Project_STS Workspace_Backend] INFO  o.eclipse.m2e.core.internal.Bundles - 	Entry: E:\Softwares\sts-4.25.0.RELEASE\plugins\org.eclipse.m2e.maven.runtime_3.9.900.20240824-1409\jars\guice-5.1.0.jar
2024-12-03 14:29:11,264 [Worker-25: Launching Executing clean in E__Programs_Java Project_STS Workspace_Backend] INFO  o.eclipse.m2e.core.internal.Bundles - 	Entry: E:\Softwares\sts-4.25.0.RELEASE\plugins\org.eclipse.m2e.maven.runtime_3.9.900.20240824-1409\jars\httpclient-4.5.14.jar
2024-12-03 14:29:11,264 [Worker-25: Launching Executing clean in E__Programs_Java Project_STS Workspace_Backend] INFO  o.eclipse.m2e.core.internal.Bundles - 	Entry: E:\Softwares\sts-4.25.0.RELEASE\plugins\org.eclipse.m2e.maven.runtime_3.9.900.20240824-1409\jars\httpcore-4.4.16.jar
2024-12-03 14:29:11,264 [Worker-25: Launching Executing clean in E__Programs_Java Project_STS Workspace_Backend] INFO  o.eclipse.m2e.core.internal.Bundles - 	Entry: E:\Softwares\sts-4.25.0.RELEASE\plugins\org.eclipse.m2e.maven.runtime_3.9.900.20240824-1409\jars\jansi-2.4.1.jar
2024-12-03 14:29:11,264 [Worker-25: Launching Executing clean in E__Programs_Java Project_STS Workspace_Backend] INFO  o.eclipse.m2e.core.internal.Bundles - 	Entry: E:\Softwares\sts-4.25.0.RELEASE\plugins\org.eclipse.m2e.maven.runtime_3.9.900.20240824-1409\jars\jcl-over-slf4j-1.7.36.jar
2024-12-03 14:29:11,266 [Worker-25: Launching Executing clean in E__Programs_Java Project_STS Workspace_Backend] INFO  o.eclipse.m2e.core.internal.Bundles - 	Entry: E:\Softwares\sts-4.25.0.RELEASE\plugins\org.eclipse.m2e.maven.runtime_3.9.900.20240824-1409\jars\maven-artifact-3.9.9.jar
2024-12-03 14:29:11,266 [Worker-25: Launching Executing clean in E__Programs_Java Project_STS Workspace_Backend] INFO  o.eclipse.m2e.core.internal.Bundles - 	Entry: E:\Softwares\sts-4.25.0.RELEASE\plugins\org.eclipse.m2e.maven.runtime_3.9.900.20240824-1409\jars\maven-builder-support-3.9.9.jar
2024-12-03 14:29:11,266 [Worker-25: Launching Executing clean in E__Programs_Java Project_STS Workspace_Backend] INFO  o.eclipse.m2e.core.internal.Bundles - 	Entry: E:\Softwares\sts-4.25.0.RELEASE\plugins\org.eclipse.m2e.maven.runtime_3.9.900.20240824-1409\jars\maven-compat-3.9.9.jar
2024-12-03 14:29:11,266 [Worker-25: Launching Executing clean in E__Programs_Java Project_STS Workspace_Backend] INFO  o.eclipse.m2e.core.internal.Bundles - 	Entry: E:\Softwares\sts-4.25.0.RELEASE\plugins\org.eclipse.m2e.maven.runtime_3.9.900.20240824-1409\jars\maven-core-3.9.9.jar
2024-12-03 14:29:11,267 [Worker-25: Launching Executing clean in E__Programs_Java Project_STS Workspace_Backend] INFO  o.eclipse.m2e.core.internal.Bundles - 	Entry: E:\Softwares\sts-4.25.0.RELEASE\plugins\org.eclipse.m2e.maven.runtime_3.9.900.20240824-1409\jars\maven-embedder-3.9.9.jar
2024-12-03 14:29:11,267 [Worker-25: Launching Executing clean in E__Programs_Java Project_STS Workspace_Backend] INFO  o.eclipse.m2e.core.internal.Bundles - 	Entry: E:\Softwares\sts-4.25.0.RELEASE\plugins\org.eclipse.m2e.maven.runtime_3.9.900.20240824-1409\jars\maven-model-3.9.9.jar
2024-12-03 14:29:11,267 [Worker-25: Launching Executing clean in E__Programs_Java Project_STS Workspace_Backend] INFO  o.eclipse.m2e.core.internal.Bundles - 	Entry: E:\Softwares\sts-4.25.0.RELEASE\plugins\org.eclipse.m2e.maven.runtime_3.9.900.20240824-1409\jars\maven-model-builder-3.9.9.jar
2024-12-03 14:29:11,267 [Worker-25: Launching Executing clean in E__Programs_Java Project_STS Workspace_Backend] INFO  o.eclipse.m2e.core.internal.Bundles - 	Entry: E:\Softwares\sts-4.25.0.RELEASE\plugins\org.eclipse.m2e.maven.runtime_3.9.900.20240824-1409\jars\maven-plugin-api-3.9.9.jar
2024-12-03 14:29:11,268 [Worker-25: Launching Executing clean in E__Programs_Java Project_STS Workspace_Backend] INFO  o.eclipse.m2e.core.internal.Bundles - 	Entry: E:\Softwares\sts-4.25.0.RELEASE\plugins\org.eclipse.m2e.maven.runtime_3.9.900.20240824-1409\jars\maven-repository-metadata-3.9.9.jar
2024-12-03 14:29:11,268 [Worker-25: Launching Executing clean in E__Programs_Java Project_STS Workspace_Backend] INFO  o.eclipse.m2e.core.internal.Bundles - 	Entry: E:\Softwares\sts-4.25.0.RELEASE\plugins\org.eclipse.m2e.maven.runtime_3.9.900.20240824-1409\jars\maven-resolver-api-1.9.22.jar
2024-12-03 14:29:11,268 [Worker-25: Launching Executing clean in E__Programs_Java Project_STS Workspace_Backend] INFO  o.eclipse.m2e.core.internal.Bundles - 	Entry: E:\Softwares\sts-4.25.0.RELEASE\plugins\org.eclipse.m2e.maven.runtime_3.9.900.20240824-1409\jars\maven-resolver-connector-basic-1.9.22.jar
2024-12-03 14:29:11,268 [Worker-25: Launching Executing clean in E__Programs_Java Project_STS Workspace_Backend] INFO  o.eclipse.m2e.core.internal.Bundles - 	Entry: E:\Softwares\sts-4.25.0.RELEASE\plugins\org.eclipse.m2e.maven.runtime_3.9.900.20240824-1409\jars\maven-resolver-impl-1.9.22.jar
2024-12-03 14:29:11,269 [Worker-25: Launching Executing clean in E__Programs_Java Project_STS Workspace_Backend] INFO  o.eclipse.m2e.core.internal.Bundles - 	Entry: E:\Softwares\sts-4.25.0.RELEASE\plugins\org.eclipse.m2e.maven.runtime_3.9.900.20240824-1409\jars\maven-resolver-named-locks-1.9.22.jar
2024-12-03 14:29:11,269 [Worker-25: Launching Executing clean in E__Programs_Java Project_STS Workspace_Backend] INFO  o.eclipse.m2e.core.internal.Bundles - 	Entry: E:\Softwares\sts-4.25.0.RELEASE\plugins\org.eclipse.m2e.maven.runtime_3.9.900.20240824-1409\jars\maven-resolver-provider-3.9.9.jar
2024-12-03 14:29:11,269 [Worker-25: Launching Executing clean in E__Programs_Java Project_STS Workspace_Backend] INFO  o.eclipse.m2e.core.internal.Bundles - 	Entry: E:\Softwares\sts-4.25.0.RELEASE\plugins\org.eclipse.m2e.maven.runtime_3.9.900.20240824-1409\jars\maven-resolver-spi-1.9.22.jar
2024-12-03 14:29:11,269 [Worker-25: Launching Executing clean in E__Programs_Java Project_STS Workspace_Backend] INFO  o.eclipse.m2e.core.internal.Bundles - 	Entry: E:\Softwares\sts-4.25.0.RELEASE\plugins\org.eclipse.m2e.maven.runtime_3.9.900.20240824-1409\jars\maven-resolver-transport-file-1.9.22.jar
2024-12-03 14:29:11,269 [Worker-25: Launching Executing clean in E__Programs_Java Project_STS Workspace_Backend] INFO  o.eclipse.m2e.core.internal.Bundles - 	Entry: E:\Softwares\sts-4.25.0.RELEASE\plugins\org.eclipse.m2e.maven.runtime_3.9.900.20240824-1409\jars\maven-resolver-transport-http-1.9.22.jar
2024-12-03 14:29:11,270 [Worker-25: Launching Executing clean in E__Programs_Java Project_STS Workspace_Backend] INFO  o.eclipse.m2e.core.internal.Bundles - 	Entry: E:\Softwares\sts-4.25.0.RELEASE\plugins\org.eclipse.m2e.maven.runtime_3.9.900.20240824-1409\jars\maven-resolver-transport-wagon-1.9.22.jar
2024-12-03 14:29:11,270 [Worker-25: Launching Executing clean in E__Programs_Java Project_STS Workspace_Backend] INFO  o.eclipse.m2e.core.internal.Bundles - 	Entry: E:\Softwares\sts-4.25.0.RELEASE\plugins\org.eclipse.m2e.maven.runtime_3.9.900.20240824-1409\jars\maven-resolver-util-1.9.22.jar
2024-12-03 14:29:11,270 [Worker-25: Launching Executing clean in E__Programs_Java Project_STS Workspace_Backend] INFO  o.eclipse.m2e.core.internal.Bundles - 	Entry: E:\Softwares\sts-4.25.0.RELEASE\plugins\org.eclipse.m2e.maven.runtime_3.9.900.20240824-1409\jars\maven-settings-3.9.9.jar
2024-12-03 14:29:11,270 [Worker-25: Launching Executing clean in E__Programs_Java Project_STS Workspace_Backend] INFO  o.eclipse.m2e.core.internal.Bundles - 	Entry: E:\Softwares\sts-4.25.0.RELEASE\plugins\org.eclipse.m2e.maven.runtime_3.9.900.20240824-1409\jars\maven-settings-builder-3.9.9.jar
2024-12-03 14:29:11,271 [Worker-25: Launching Executing clean in E__Programs_Java Project_STS Workspace_Backend] INFO  o.eclipse.m2e.core.internal.Bundles - 	Entry: E:\Softwares\sts-4.25.0.RELEASE\plugins\org.eclipse.m2e.maven.runtime_3.9.900.20240824-1409\jars\maven-shared-utils-3.4.2.jar
2024-12-03 14:29:11,271 [Worker-25: Launching Executing clean in E__Programs_Java Project_STS Workspace_Backend] INFO  o.eclipse.m2e.core.internal.Bundles - 	Entry: E:\Softwares\sts-4.25.0.RELEASE\plugins\org.eclipse.m2e.maven.runtime_3.9.900.20240824-1409\jars\org.eclipse.sisu.inject-0.9.0.M3.jar
2024-12-03 14:29:11,272 [Worker-25: Launching Executing clean in E__Programs_Java Project_STS Workspace_Backend] INFO  o.eclipse.m2e.core.internal.Bundles - 	Entry: E:\Softwares\sts-4.25.0.RELEASE\plugins\org.eclipse.m2e.maven.runtime_3.9.900.20240824-1409\jars\org.eclipse.sisu.plexus-0.9.0.M3.jar
2024-12-03 14:29:11,272 [Worker-25: Launching Executing clean in E__Programs_Java Project_STS Workspace_Backend] INFO  o.eclipse.m2e.core.internal.Bundles - 	Entry: E:\Softwares\sts-4.25.0.RELEASE\plugins\org.eclipse.m2e.maven.runtime_3.9.900.20240824-1409\jars\plexus-build-api-0.0.7.jar
2024-12-03 14:29:11,272 [Worker-25: Launching Executing clean in E__Programs_Java Project_STS Workspace_Backend] INFO  o.eclipse.m2e.core.internal.Bundles - 	Entry: E:\Softwares\sts-4.25.0.RELEASE\plugins\org.eclipse.m2e.maven.runtime_3.9.900.20240824-1409\jars\plexus-build-api-1.2.0.jar
2024-12-03 14:29:11,272 [Worker-25: Launching Executing clean in E__Programs_Java Project_STS Workspace_Backend] INFO  o.eclipse.m2e.core.internal.Bundles - 	Entry: E:\Softwares\sts-4.25.0.RELEASE\plugins\org.eclipse.m2e.maven.runtime_3.9.900.20240824-1409\jars\plexus-cipher-2.0.jar
2024-12-03 14:29:11,273 [Worker-25: Launching Executing clean in E__Programs_Java Project_STS Workspace_Backend] INFO  o.eclipse.m2e.core.internal.Bundles - 	Entry: E:\Softwares\sts-4.25.0.RELEASE\plugins\org.eclipse.m2e.maven.runtime_3.9.900.20240824-1409\jars\plexus-classworlds-2.8.0.jar
2024-12-03 14:29:11,273 [Worker-25: Launching Executing clean in E__Programs_Java Project_STS Workspace_Backend] INFO  o.eclipse.m2e.core.internal.Bundles - 	Entry: E:\Softwares\sts-4.25.0.RELEASE\plugins\org.eclipse.m2e.maven.runtime_3.9.900.20240824-1409\jars\plexus-component-annotations-2.1.0.jar
2024-12-03 14:29:11,273 [Worker-25: Launching Executing clean in E__Programs_Java Project_STS Workspace_Backend] INFO  o.eclipse.m2e.core.internal.Bundles - 	Entry: E:\Softwares\sts-4.25.0.RELEASE\plugins\org.eclipse.m2e.maven.runtime_3.9.900.20240824-1409\jars\plexus-interpolation-1.27.jar
2024-12-03 14:29:11,274 [Worker-25: Launching Executing clean in E__Programs_Java Project_STS Workspace_Backend] INFO  o.eclipse.m2e.core.internal.Bundles - 	Entry: E:\Softwares\sts-4.25.0.RELEASE\plugins\org.eclipse.m2e.maven.runtime_3.9.900.20240824-1409\jars\plexus-sec-dispatcher-2.0.jar
2024-12-03 14:29:11,274 [Worker-25: Launching Executing clean in E__Programs_Java Project_STS Workspace_Backend] INFO  o.eclipse.m2e.core.internal.Bundles - 	Entry: E:\Softwares\sts-4.25.0.RELEASE\plugins\org.eclipse.m2e.maven.runtime_3.9.900.20240824-1409\jars\plexus-utils-3.5.1.jar
2024-12-03 14:29:11,274 [Worker-25: Launching Executing clean in E__Programs_Java Project_STS Workspace_Backend] INFO  o.eclipse.m2e.core.internal.Bundles - 	Entry: E:\Softwares\sts-4.25.0.RELEASE\plugins\org.eclipse.m2e.maven.runtime_3.9.900.20240824-1409\jars\plexus-xml-3.0.1.jar
2024-12-03 14:29:11,274 [Worker-25: Launching Executing clean in E__Programs_Java Project_STS Workspace_Backend] INFO  o.eclipse.m2e.core.internal.Bundles - 	Entry: E:\Softwares\sts-4.25.0.RELEASE\plugins\org.eclipse.m2e.maven.runtime_3.9.900.20240824-1409\jars\wagon-file-3.5.3.jar
2024-12-03 14:29:11,275 [Worker-25: Launching Executing clean in E__Programs_Java Project_STS Workspace_Backend] INFO  o.eclipse.m2e.core.internal.Bundles - 	Entry: E:\Softwares\sts-4.25.0.RELEASE\plugins\org.eclipse.m2e.maven.runtime_3.9.900.20240824-1409\jars\wagon-http-3.5.3.jar
2024-12-03 14:29:11,275 [Worker-25: Launching Executing clean in E__Programs_Java Project_STS Workspace_Backend] INFO  o.eclipse.m2e.core.internal.Bundles - 	Entry: E:\Softwares\sts-4.25.0.RELEASE\plugins\org.eclipse.m2e.maven.runtime_3.9.900.20240824-1409\jars\wagon-http-shared-3.5.3.jar
2024-12-03 14:29:11,275 [Worker-25: Launching Executing clean in E__Programs_Java Project_STS Workspace_Backend] INFO  o.eclipse.m2e.core.internal.Bundles - 	Entry: E:\Softwares\sts-4.25.0.RELEASE\plugins\org.eclipse.m2e.maven.runtime_3.9.900.20240824-1409\jars\wagon-provider-api-3.5.3.jar
2024-12-03 14:29:11,279 [Worker-25: Launching Executing clean in E__Programs_Java Project_STS Workspace_Backend] INFO  o.eclipse.m2e.core.internal.Bundles - getClasspathEntries(Bundle=com.google.guava_33.3.0.jre [29])
2024-12-03 14:29:11,281 [Worker-25: Launching Executing clean in E__Programs_Java Project_STS Workspace_Backend] INFO  o.eclipse.m2e.core.internal.Bundles - 	Entry: E:\Softwares\sts-4.25.0.RELEASE\plugins\com.google.guava_33.3.0.jre.jar
2024-12-03 14:29:11,281 [Worker-25: Launching Executing clean in E__Programs_Java Project_STS Workspace_Backend] INFO  o.eclipse.m2e.core.internal.Bundles - getClasspathEntries(Bundle=slf4j.api_2.0.16 [592])
2024-12-03 14:29:11,282 [Worker-25: Launching Executing clean in E__Programs_Java Project_STS Workspace_Backend] INFO  o.eclipse.m2e.core.internal.Bundles - 	Entry: E:\Softwares\sts-4.25.0.RELEASE\plugins\slf4j.api_2.0.16.jar
2024-12-03 14:29:11,282 [Worker-25: Launching Executing clean in E__Programs_Java Project_STS Workspace_Backend] INFO  o.eclipse.m2e.core.internal.Bundles - getClasspathEntries(Bundle=jakarta.inject.jakarta.inject-api_1.0.5 [45])
2024-12-03 14:29:11,283 [Worker-25: Launching Executing clean in E__Programs_Java Project_STS Workspace_Backend] INFO  o.eclipse.m2e.core.internal.Bundles - 	Entry: E:\Softwares\sts-4.25.0.RELEASE\plugins\jakarta.inject.jakarta.inject-api_1.0.5.jar
2024-12-03 14:29:11,283 [Worker-25: Launching Executing clean in E__Programs_Java Project_STS Workspace_Backend] INFO  o.eclipse.m2e.core.internal.Bundles - getClasspathEntries(Bundle=jakarta.annotation-api_1.3.5 [41])
2024-12-03 14:29:11,284 [Worker-25: Launching Executing clean in E__Programs_Java Project_STS Workspace_Backend] INFO  o.eclipse.m2e.core.internal.Bundles - 	Entry: E:\Softwares\sts-4.25.0.RELEASE\plugins\jakarta.annotation-api_1.3.5.jar
2024-12-03 14:29:11,284 [Worker-25: Launching Executing clean in E__Programs_Java Project_STS Workspace_Backend] INFO  o.eclipse.m2e.core.internal.Bundles - getClasspathEntries(Bundle=org.apache.commons.cli_1.9.0 [77])
2024-12-03 14:29:11,285 [Worker-25: Launching Executing clean in E__Programs_Java Project_STS Workspace_Backend] INFO  o.eclipse.m2e.core.internal.Bundles - 	Entry: E:\Softwares\sts-4.25.0.RELEASE\plugins\org.apache.commons.cli_1.9.0.jar
2024-12-03 14:29:11,285 [Worker-25: Launching Executing clean in E__Programs_Java Project_STS Workspace_Backend] INFO  o.eclipse.m2e.core.internal.Bundles - getClasspathEntries(Bundle=org.apache.commons.commons-codec_1.16.0 [80])
2024-12-03 14:29:11,285 [Worker-25: Launching Executing clean in E__Programs_Java Project_STS Workspace_Backend] INFO  o.eclipse.m2e.core.internal.Bundles - 	Entry: E:\Softwares\sts-4.25.0.RELEASE\plugins\org.apache.commons.commons-codec_1.16.0.jar
2024-12-03 14:29:11,286 [Worker-25: Launching Executing clean in E__Programs_Java Project_STS Workspace_Backend] INFO  o.eclipse.m2e.core.internal.Bundles - getClasspathEntries(Bundle=com.google.guava.failureaccess_1.0.2 [30])
2024-12-03 14:29:11,286 [Worker-25: Launching Executing clean in E__Programs_Java Project_STS Workspace_Backend] INFO  o.eclipse.m2e.core.internal.Bundles - 	Entry: E:\Softwares\sts-4.25.0.RELEASE\plugins\com.google.guava.failureaccess_1.0.2.jar
2024-12-03 14:29:11,296 [Worker-25: Launching Executing clean in E__Programs_Java Project_STS Workspace_Backend] INFO  o.e.m.i.launch.MavenLaunchDelegate - Run build in "E:\Programs\Java Project\STS Workspace\Backend":
2024-12-03 14:29:11,299 [Worker-25: Launching Executing clean in E__Programs_Java Project_STS Workspace_Backend] INFO  o.e.m.i.launch.MavenLaunchDelegate -  mvn  -Ppom.xml -B -Dstyle.color=always clean
2024-12-03 14:29:14,248 [Worker-25: Building] INFO  o.a.m.s.f.DefaultMavenResourcesFiltering - Copying 1 resource from src\main\resources to target\classes
2024-12-03 14:29:14,250 [Worker-25: Building] INFO  o.a.m.s.f.DefaultMavenResourcesFiltering - Copying 0 resource from src\main\resources to target\classes
2024-12-03 14:29:14,253 [Worker-25: Building] INFO  o.a.m.s.f.DefaultMavenResourcesFiltering - skip non existing resourceDirectory E:\Programs\Java Project\STS Workspace\Backend\src\test\resources
2024-12-03 14:29:33,983 [Worker-21: Launching Executing install in E__Programs_Java Project_STS Workspace_Backend] INFO  o.eclipse.m2e.core.internal.Bundles - getClasspathEntries(Bundle=org.eclipse.m2e.maven.runtime_3.9.900.20240824-1409 [359])
2024-12-03 14:29:33,984 [Worker-21: Launching Executing install in E__Programs_Java Project_STS Workspace_Backend] INFO  o.eclipse.m2e.core.internal.Bundles - 	Entry: E:\Softwares\sts-4.25.0.RELEASE\plugins\org.eclipse.m2e.maven.runtime_3.9.900.20240824-1409
2024-12-03 14:29:33,984 [Worker-21: Launching Executing install in E__Programs_Java Project_STS Workspace_Backend] INFO  o.eclipse.m2e.core.internal.Bundles - 	Entry: E:\Softwares\sts-4.25.0.RELEASE\plugins\org.eclipse.m2e.maven.runtime_3.9.900.20240824-1409\jars\aopalliance-1.0.jar
2024-12-03 14:29:33,984 [Worker-21: Launching Executing install in E__Programs_Java Project_STS Workspace_Backend] INFO  o.eclipse.m2e.core.internal.Bundles - 	Entry: E:\Softwares\sts-4.25.0.RELEASE\plugins\org.eclipse.m2e.maven.runtime_3.9.900.20240824-1409\jars\guice-5.1.0.jar
2024-12-03 14:29:33,984 [Worker-21: Launching Executing install in E__Programs_Java Project_STS Workspace_Backend] INFO  o.eclipse.m2e.core.internal.Bundles - 	Entry: E:\Softwares\sts-4.25.0.RELEASE\plugins\org.eclipse.m2e.maven.runtime_3.9.900.20240824-1409\jars\httpclient-4.5.14.jar
2024-12-03 14:29:33,984 [Worker-21: Launching Executing install in E__Programs_Java Project_STS Workspace_Backend] INFO  o.eclipse.m2e.core.internal.Bundles - 	Entry: E:\Softwares\sts-4.25.0.RELEASE\plugins\org.eclipse.m2e.maven.runtime_3.9.900.20240824-1409\jars\httpcore-4.4.16.jar
2024-12-03 14:29:33,984 [Worker-21: Launching Executing install in E__Programs_Java Project_STS Workspace_Backend] INFO  o.eclipse.m2e.core.internal.Bundles - 	Entry: E:\Softwares\sts-4.25.0.RELEASE\plugins\org.eclipse.m2e.maven.runtime_3.9.900.20240824-1409\jars\jansi-2.4.1.jar
2024-12-03 14:29:33,984 [Worker-21: Launching Executing install in E__Programs_Java Project_STS Workspace_Backend] INFO  o.eclipse.m2e.core.internal.Bundles - 	Entry: E:\Softwares\sts-4.25.0.RELEASE\plugins\org.eclipse.m2e.maven.runtime_3.9.900.20240824-1409\jars\jcl-over-slf4j-1.7.36.jar
2024-12-03 14:29:33,985 [Worker-21: Launching Executing install in E__Programs_Java Project_STS Workspace_Backend] INFO  o.eclipse.m2e.core.internal.Bundles - 	Entry: E:\Softwares\sts-4.25.0.RELEASE\plugins\org.eclipse.m2e.maven.runtime_3.9.900.20240824-1409\jars\maven-artifact-3.9.9.jar
2024-12-03 14:29:33,985 [Worker-21: Launching Executing install in E__Programs_Java Project_STS Workspace_Backend] INFO  o.eclipse.m2e.core.internal.Bundles - 	Entry: E:\Softwares\sts-4.25.0.RELEASE\plugins\org.eclipse.m2e.maven.runtime_3.9.900.20240824-1409\jars\maven-builder-support-3.9.9.jar
2024-12-03 14:29:33,985 [Worker-21: Launching Executing install in E__Programs_Java Project_STS Workspace_Backend] INFO  o.eclipse.m2e.core.internal.Bundles - 	Entry: E:\Softwares\sts-4.25.0.RELEASE\plugins\org.eclipse.m2e.maven.runtime_3.9.900.20240824-1409\jars\maven-compat-3.9.9.jar
2024-12-03 14:29:33,985 [Worker-21: Launching Executing install in E__Programs_Java Project_STS Workspace_Backend] INFO  o.eclipse.m2e.core.internal.Bundles - 	Entry: E:\Softwares\sts-4.25.0.RELEASE\plugins\org.eclipse.m2e.maven.runtime_3.9.900.20240824-1409\jars\maven-core-3.9.9.jar
2024-12-03 14:29:33,985 [Worker-21: Launching Executing install in E__Programs_Java Project_STS Workspace_Backend] INFO  o.eclipse.m2e.core.internal.Bundles - 	Entry: E:\Softwares\sts-4.25.0.RELEASE\plugins\org.eclipse.m2e.maven.runtime_3.9.900.20240824-1409\jars\maven-embedder-3.9.9.jar
2024-12-03 14:29:33,985 [Worker-21: Launching Executing install in E__Programs_Java Project_STS Workspace_Backend] INFO  o.eclipse.m2e.core.internal.Bundles - 	Entry: E:\Softwares\sts-4.25.0.RELEASE\plugins\org.eclipse.m2e.maven.runtime_3.9.900.20240824-1409\jars\maven-model-3.9.9.jar
2024-12-03 14:29:33,985 [Worker-21: Launching Executing install in E__Programs_Java Project_STS Workspace_Backend] INFO  o.eclipse.m2e.core.internal.Bundles - 	Entry: E:\Softwares\sts-4.25.0.RELEASE\plugins\org.eclipse.m2e.maven.runtime_3.9.900.20240824-1409\jars\maven-model-builder-3.9.9.jar
2024-12-03 14:29:33,985 [Worker-21: Launching Executing install in E__Programs_Java Project_STS Workspace_Backend] INFO  o.eclipse.m2e.core.internal.Bundles - 	Entry: E:\Softwares\sts-4.25.0.RELEASE\plugins\org.eclipse.m2e.maven.runtime_3.9.900.20240824-1409\jars\maven-plugin-api-3.9.9.jar
2024-12-03 14:29:33,985 [Worker-21: Launching Executing install in E__Programs_Java Project_STS Workspace_Backend] INFO  o.eclipse.m2e.core.internal.Bundles - 	Entry: E:\Softwares\sts-4.25.0.RELEASE\plugins\org.eclipse.m2e.maven.runtime_3.9.900.20240824-1409\jars\maven-repository-metadata-3.9.9.jar
2024-12-03 14:29:33,985 [Worker-21: Launching Executing install in E__Programs_Java Project_STS Workspace_Backend] INFO  o.eclipse.m2e.core.internal.Bundles - 	Entry: E:\Softwares\sts-4.25.0.RELEASE\plugins\org.eclipse.m2e.maven.runtime_3.9.900.20240824-1409\jars\maven-resolver-api-1.9.22.jar
2024-12-03 14:29:33,985 [Worker-21: Launching Executing install in E__Programs_Java Project_STS Workspace_Backend] INFO  o.eclipse.m2e.core.internal.Bundles - 	Entry: E:\Softwares\sts-4.25.0.RELEASE\plugins\org.eclipse.m2e.maven.runtime_3.9.900.20240824-1409\jars\maven-resolver-connector-basic-1.9.22.jar
2024-12-03 14:29:33,985 [Worker-21: Launching Executing install in E__Programs_Java Project_STS Workspace_Backend] INFO  o.eclipse.m2e.core.internal.Bundles - 	Entry: E:\Softwares\sts-4.25.0.RELEASE\plugins\org.eclipse.m2e.maven.runtime_3.9.900.20240824-1409\jars\maven-resolver-impl-1.9.22.jar
2024-12-03 14:29:33,985 [Worker-21: Launching Executing install in E__Programs_Java Project_STS Workspace_Backend] INFO  o.eclipse.m2e.core.internal.Bundles - 	Entry: E:\Softwares\sts-4.25.0.RELEASE\plugins\org.eclipse.m2e.maven.runtime_3.9.900.20240824-1409\jars\maven-resolver-named-locks-1.9.22.jar
2024-12-03 14:29:33,985 [Worker-21: Launching Executing install in E__Programs_Java Project_STS Workspace_Backend] INFO  o.eclipse.m2e.core.internal.Bundles - 	Entry: E:\Softwares\sts-4.25.0.RELEASE\plugins\org.eclipse.m2e.maven.runtime_3.9.900.20240824-1409\jars\maven-resolver-provider-3.9.9.jar
2024-12-03 14:29:33,985 [Worker-21: Launching Executing install in E__Programs_Java Project_STS Workspace_Backend] INFO  o.eclipse.m2e.core.internal.Bundles - 	Entry: E:\Softwares\sts-4.25.0.RELEASE\plugins\org.eclipse.m2e.maven.runtime_3.9.900.20240824-1409\jars\maven-resolver-spi-1.9.22.jar
2024-12-03 14:29:33,985 [Worker-21: Launching Executing install in E__Programs_Java Project_STS Workspace_Backend] INFO  o.eclipse.m2e.core.internal.Bundles - 	Entry: E:\Softwares\sts-4.25.0.RELEASE\plugins\org.eclipse.m2e.maven.runtime_3.9.900.20240824-1409\jars\maven-resolver-transport-file-1.9.22.jar
2024-12-03 14:29:33,985 [Worker-21: Launching Executing install in E__Programs_Java Project_STS Workspace_Backend] INFO  o.eclipse.m2e.core.internal.Bundles - 	Entry: E:\Softwares\sts-4.25.0.RELEASE\plugins\org.eclipse.m2e.maven.runtime_3.9.900.20240824-1409\jars\maven-resolver-transport-http-1.9.22.jar
2024-12-03 14:29:33,985 [Worker-21: Launching Executing install in E__Programs_Java Project_STS Workspace_Backend] INFO  o.eclipse.m2e.core.internal.Bundles - 	Entry: E:\Softwares\sts-4.25.0.RELEASE\plugins\org.eclipse.m2e.maven.runtime_3.9.900.20240824-1409\jars\maven-resolver-transport-wagon-1.9.22.jar
2024-12-03 14:29:33,986 [Worker-21: Launching Executing install in E__Programs_Java Project_STS Workspace_Backend] INFO  o.eclipse.m2e.core.internal.Bundles - 	Entry: E:\Softwares\sts-4.25.0.RELEASE\plugins\org.eclipse.m2e.maven.runtime_3.9.900.20240824-1409\jars\maven-resolver-util-1.9.22.jar
2024-12-03 14:29:33,986 [Worker-21: Launching Executing install in E__Programs_Java Project_STS Workspace_Backend] INFO  o.eclipse.m2e.core.internal.Bundles - 	Entry: E:\Softwares\sts-4.25.0.RELEASE\plugins\org.eclipse.m2e.maven.runtime_3.9.900.20240824-1409\jars\maven-settings-3.9.9.jar
2024-12-03 14:29:33,986 [Worker-21: Launching Executing install in E__Programs_Java Project_STS Workspace_Backend] INFO  o.eclipse.m2e.core.internal.Bundles - 	Entry: E:\Softwares\sts-4.25.0.RELEASE\plugins\org.eclipse.m2e.maven.runtime_3.9.900.20240824-1409\jars\maven-settings-builder-3.9.9.jar
2024-12-03 14:29:33,986 [Worker-21: Launching Executing install in E__Programs_Java Project_STS Workspace_Backend] INFO  o.eclipse.m2e.core.internal.Bundles - 	Entry: E:\Softwares\sts-4.25.0.RELEASE\plugins\org.eclipse.m2e.maven.runtime_3.9.900.20240824-1409\jars\maven-shared-utils-3.4.2.jar
2024-12-03 14:29:33,986 [Worker-21: Launching Executing install in E__Programs_Java Project_STS Workspace_Backend] INFO  o.eclipse.m2e.core.internal.Bundles - 	Entry: E:\Softwares\sts-4.25.0.RELEASE\plugins\org.eclipse.m2e.maven.runtime_3.9.900.20240824-1409\jars\org.eclipse.sisu.inject-0.9.0.M3.jar
2024-12-03 14:29:33,986 [Worker-21: Launching Executing install in E__Programs_Java Project_STS Workspace_Backend] INFO  o.eclipse.m2e.core.internal.Bundles - 	Entry: E:\Softwares\sts-4.25.0.RELEASE\plugins\org.eclipse.m2e.maven.runtime_3.9.900.20240824-1409\jars\org.eclipse.sisu.plexus-0.9.0.M3.jar
2024-12-03 14:29:33,986 [Worker-21: Launching Executing install in E__Programs_Java Project_STS Workspace_Backend] INFO  o.eclipse.m2e.core.internal.Bundles - 	Entry: E:\Softwares\sts-4.25.0.RELEASE\plugins\org.eclipse.m2e.maven.runtime_3.9.900.20240824-1409\jars\plexus-build-api-0.0.7.jar
2024-12-03 14:29:33,986 [Worker-21: Launching Executing install in E__Programs_Java Project_STS Workspace_Backend] INFO  o.eclipse.m2e.core.internal.Bundles - 	Entry: E:\Softwares\sts-4.25.0.RELEASE\plugins\org.eclipse.m2e.maven.runtime_3.9.900.20240824-1409\jars\plexus-build-api-1.2.0.jar
2024-12-03 14:29:33,986 [Worker-21: Launching Executing install in E__Programs_Java Project_STS Workspace_Backend] INFO  o.eclipse.m2e.core.internal.Bundles - 	Entry: E:\Softwares\sts-4.25.0.RELEASE\plugins\org.eclipse.m2e.maven.runtime_3.9.900.20240824-1409\jars\plexus-cipher-2.0.jar
2024-12-03 14:29:33,986 [Worker-21: Launching Executing install in E__Programs_Java Project_STS Workspace_Backend] INFO  o.eclipse.m2e.core.internal.Bundles - 	Entry: E:\Softwares\sts-4.25.0.RELEASE\plugins\org.eclipse.m2e.maven.runtime_3.9.900.20240824-1409\jars\plexus-classworlds-2.8.0.jar
2024-12-03 14:29:33,986 [Worker-21: Launching Executing install in E__Programs_Java Project_STS Workspace_Backend] INFO  o.eclipse.m2e.core.internal.Bundles - 	Entry: E:\Softwares\sts-4.25.0.RELEASE\plugins\org.eclipse.m2e.maven.runtime_3.9.900.20240824-1409\jars\plexus-component-annotations-2.1.0.jar
2024-12-03 14:29:33,986 [Worker-21: Launching Executing install in E__Programs_Java Project_STS Workspace_Backend] INFO  o.eclipse.m2e.core.internal.Bundles - 	Entry: E:\Softwares\sts-4.25.0.RELEASE\plugins\org.eclipse.m2e.maven.runtime_3.9.900.20240824-1409\jars\plexus-interpolation-1.27.jar
2024-12-03 14:29:33,988 [Worker-21: Launching Executing install in E__Programs_Java Project_STS Workspace_Backend] INFO  o.eclipse.m2e.core.internal.Bundles - 	Entry: E:\Softwares\sts-4.25.0.RELEASE\plugins\org.eclipse.m2e.maven.runtime_3.9.900.20240824-1409\jars\plexus-sec-dispatcher-2.0.jar
2024-12-03 14:29:33,988 [Worker-21: Launching Executing install in E__Programs_Java Project_STS Workspace_Backend] INFO  o.eclipse.m2e.core.internal.Bundles - 	Entry: E:\Softwares\sts-4.25.0.RELEASE\plugins\org.eclipse.m2e.maven.runtime_3.9.900.20240824-1409\jars\plexus-utils-3.5.1.jar
2024-12-03 14:29:33,988 [Worker-21: Launching Executing install in E__Programs_Java Project_STS Workspace_Backend] INFO  o.eclipse.m2e.core.internal.Bundles - 	Entry: E:\Softwares\sts-4.25.0.RELEASE\plugins\org.eclipse.m2e.maven.runtime_3.9.900.20240824-1409\jars\plexus-xml-3.0.1.jar
2024-12-03 14:29:33,988 [Worker-21: Launching Executing install in E__Programs_Java Project_STS Workspace_Backend] INFO  o.eclipse.m2e.core.internal.Bundles - 	Entry: E:\Softwares\sts-4.25.0.RELEASE\plugins\org.eclipse.m2e.maven.runtime_3.9.900.20240824-1409\jars\wagon-file-3.5.3.jar
2024-12-03 14:29:33,988 [Worker-21: Launching Executing install in E__Programs_Java Project_STS Workspace_Backend] INFO  o.eclipse.m2e.core.internal.Bundles - 	Entry: E:\Softwares\sts-4.25.0.RELEASE\plugins\org.eclipse.m2e.maven.runtime_3.9.900.20240824-1409\jars\wagon-http-3.5.3.jar
2024-12-03 14:29:33,988 [Worker-21: Launching Executing install in E__Programs_Java Project_STS Workspace_Backend] INFO  o.eclipse.m2e.core.internal.Bundles - 	Entry: E:\Softwares\sts-4.25.0.RELEASE\plugins\org.eclipse.m2e.maven.runtime_3.9.900.20240824-1409\jars\wagon-http-shared-3.5.3.jar
2024-12-03 14:29:33,988 [Worker-21: Launching Executing install in E__Programs_Java Project_STS Workspace_Backend] INFO  o.eclipse.m2e.core.internal.Bundles - 	Entry: E:\Softwares\sts-4.25.0.RELEASE\plugins\org.eclipse.m2e.maven.runtime_3.9.900.20240824-1409\jars\wagon-provider-api-3.5.3.jar
2024-12-03 14:29:33,988 [Worker-21: Launching Executing install in E__Programs_Java Project_STS Workspace_Backend] INFO  o.eclipse.m2e.core.internal.Bundles - getClasspathEntries(Bundle=com.google.guava_33.3.0.jre [29])
2024-12-03 14:29:33,988 [Worker-21: Launching Executing install in E__Programs_Java Project_STS Workspace_Backend] INFO  o.eclipse.m2e.core.internal.Bundles - 	Entry: E:\Softwares\sts-4.25.0.RELEASE\plugins\com.google.guava_33.3.0.jre.jar
2024-12-03 14:29:33,988 [Worker-21: Launching Executing install in E__Programs_Java Project_STS Workspace_Backend] INFO  o.eclipse.m2e.core.internal.Bundles - getClasspathEntries(Bundle=slf4j.api_2.0.16 [592])
2024-12-03 14:29:33,988 [Worker-21: Launching Executing install in E__Programs_Java Project_STS Workspace_Backend] INFO  o.eclipse.m2e.core.internal.Bundles - 	Entry: E:\Softwares\sts-4.25.0.RELEASE\plugins\slf4j.api_2.0.16.jar
2024-12-03 14:29:33,988 [Worker-21: Launching Executing install in E__Programs_Java Project_STS Workspace_Backend] INFO  o.eclipse.m2e.core.internal.Bundles - getClasspathEntries(Bundle=jakarta.inject.jakarta.inject-api_1.0.5 [45])
2024-12-03 14:29:33,989 [Worker-21: Launching Executing install in E__Programs_Java Project_STS Workspace_Backend] INFO  o.eclipse.m2e.core.internal.Bundles - 	Entry: E:\Softwares\sts-4.25.0.RELEASE\plugins\jakarta.inject.jakarta.inject-api_1.0.5.jar
2024-12-03 14:29:33,989 [Worker-21: Launching Executing install in E__Programs_Java Project_STS Workspace_Backend] INFO  o.eclipse.m2e.core.internal.Bundles - getClasspathEntries(Bundle=jakarta.annotation-api_1.3.5 [41])
2024-12-03 14:29:33,989 [Worker-21: Launching Executing install in E__Programs_Java Project_STS Workspace_Backend] INFO  o.eclipse.m2e.core.internal.Bundles - 	Entry: E:\Softwares\sts-4.25.0.RELEASE\plugins\jakarta.annotation-api_1.3.5.jar
2024-12-03 14:29:33,989 [Worker-21: Launching Executing install in E__Programs_Java Project_STS Workspace_Backend] INFO  o.eclipse.m2e.core.internal.Bundles - getClasspathEntries(Bundle=org.apache.commons.cli_1.9.0 [77])
2024-12-03 14:29:33,990 [Worker-21: Launching Executing install in E__Programs_Java Project_STS Workspace_Backend] INFO  o.eclipse.m2e.core.internal.Bundles - 	Entry: E:\Softwares\sts-4.25.0.RELEASE\plugins\org.apache.commons.cli_1.9.0.jar
2024-12-03 14:29:33,990 [Worker-21: Launching Executing install in E__Programs_Java Project_STS Workspace_Backend] INFO  o.eclipse.m2e.core.internal.Bundles - getClasspathEntries(Bundle=org.apache.commons.commons-codec_1.16.0 [80])
2024-12-03 14:29:33,990 [Worker-21: Launching Executing install in E__Programs_Java Project_STS Workspace_Backend] INFO  o.eclipse.m2e.core.internal.Bundles - 	Entry: E:\Softwares\sts-4.25.0.RELEASE\plugins\org.apache.commons.commons-codec_1.16.0.jar
2024-12-03 14:29:33,990 [Worker-21: Launching Executing install in E__Programs_Java Project_STS Workspace_Backend] INFO  o.eclipse.m2e.core.internal.Bundles - getClasspathEntries(Bundle=com.google.guava.failureaccess_1.0.2 [30])
2024-12-03 14:29:33,990 [Worker-21: Launching Executing install in E__Programs_Java Project_STS Workspace_Backend] INFO  o.eclipse.m2e.core.internal.Bundles - 	Entry: E:\Softwares\sts-4.25.0.RELEASE\plugins\com.google.guava.failureaccess_1.0.2.jar
2024-12-03 14:29:33,991 [Worker-21: Launching Executing install in E__Programs_Java Project_STS Workspace_Backend] INFO  o.e.m.i.launch.MavenLaunchDelegate - Run build in "E:\Programs\Java Project\STS Workspace\Backend":
2024-12-03 14:29:33,991 [Worker-21: Launching Executing install in E__Programs_Java Project_STS Workspace_Backend] INFO  o.e.m.i.launch.MavenLaunchDelegate -  mvn  -Ppom.xml -B -Dstyle.color=always install
2024-12-03 14:30:25,685 [Worker-24: Building] INFO  o.a.m.s.f.DefaultMavenResourcesFiltering - Copying 1 resource from src\main\resources to target\classes
2024-12-03 14:30:25,692 [Worker-24: Building] INFO  o.a.m.s.f.DefaultMavenResourcesFiltering - Copying 0 resource from src\main\resources to target\classes
2024-12-03 14:30:25,697 [Worker-24: Building] INFO  o.a.m.s.f.DefaultMavenResourcesFiltering - skip non existing resourceDirectory E:\Programs\Java Project\STS Workspace\Backend\src\test\resources
2024-12-03 14:31:52,131 [Worker-26: Building] INFO  o.a.m.s.f.DefaultMavenResourcesFiltering - Copying 1 resource from src\main\resources to target\classes
2024-12-03 14:31:52,136 [Worker-26: Building] INFO  o.a.m.s.f.DefaultMavenResourcesFiltering - Copying 0 resource from src\main\resources to target\classes
2024-12-03 14:31:52,139 [Worker-26: Building] INFO  o.a.m.s.f.DefaultMavenResourcesFiltering - skip non existing resourceDirectory E:\Programs\Java Project\STS Workspace\Backend\src\test\resources
2024-12-03 14:46:09,621 [Worker-5: Loading available Gradle versions] INFO  o.e.b.c.i.u.g.PublishedGradleVersions - Gradle version information cache is up-to-date. Trying to read.
2024-12-03 15:37:40,209 [Worker-2: Loading available Gradle versions] INFO  o.e.b.c.i.u.g.PublishedGradleVersions - Gradle version information cache is up-to-date. Trying to read.
2024-12-03 16:07:19,015 [Worker-0: Loading available Gradle versions] INFO  o.e.b.c.i.u.g.PublishedGradleVersions - Gradle version information cache is up-to-date. Trying to read.
2024-12-03 16:07:46,958 [Worker-14: Building] INFO  o.a.m.s.f.DefaultMavenResourcesFiltering - Copying 1 resource from src\main\resources to target\classes
2024-12-03 16:07:46,995 [Worker-14: Building] INFO  o.a.m.s.f.DefaultMavenResourcesFiltering - Copying 0 resource from src\main\resources to target\classes
2024-12-03 16:07:47,004 [Worker-14: Building] INFO  o.a.m.s.f.DefaultMavenResourcesFiltering - skip non existing resourceDirectory E:\Programs\Java Project\STS Workspace\Backend\src\test\resources
2024-12-03 16:09:13,272 [Worker-1: Building] INFO  o.a.m.s.f.DefaultMavenResourcesFiltering - Copying 1 resource from src\main\resources to target\classes
2024-12-03 16:09:13,286 [Worker-1: Building] INFO  o.a.m.s.f.DefaultMavenResourcesFiltering - Copying 0 resource from src\main\resources to target\classes
2024-12-03 16:09:13,290 [Worker-1: Building] INFO  o.a.m.s.f.DefaultMavenResourcesFiltering - skip non existing resourceDirectory E:\Programs\Java Project\STS Workspace\Backend\src\test\resources
2024-12-03 16:38:37,285 [Worker-13: Building] INFO  o.a.m.s.f.DefaultMavenResourcesFiltering - Copying 0 resource from src\main\resources to target\classes
2024-12-03 16:38:37,286 [Worker-13: Building] INFO  o.a.m.s.f.DefaultMavenResourcesFiltering - Copying 0 resource from src\main\resources to target\classes
2024-12-03 16:38:37,291 [Worker-13: Building] INFO  o.a.m.s.f.DefaultMavenResourcesFiltering - skip non existing resourceDirectory E:\Programs\Java Project\STS Workspace\Backend\src\test\resources
2024-12-04 16:25:45,120 [Worker-2: Loading available Gradle versions] INFO  o.e.b.c.i.u.g.PublishedGradleVersions - Gradle version information cache is out-of-date. Trying to update.
2024-12-05 14:26:56,045 [Worker-5: Loading available Gradle versions] INFO  o.e.b.c.i.u.g.PublishedGradleVersions - Gradle version information cache is up-to-date. Trying to read.
2024-12-05 14:27:52,523 [Worker-6: Building] INFO  o.a.m.s.f.DefaultMavenResourcesFiltering - Copying 1 resource from src\main\resources to target\classes
2024-12-05 14:27:52,567 [Worker-6: Building] INFO  o.a.m.s.f.DefaultMavenResourcesFiltering - Copying 0 resource from src\main\resources to target\classes
2024-12-05 14:27:52,578 [Worker-6: Building] INFO  o.a.m.s.f.DefaultMavenResourcesFiltering - skip non existing resourceDirectory E:\Programs\Java Project\STS Workspace\Backend\src\test\resources
2024-12-05 14:28:38,337 [Worker-9: Building] INFO  o.a.m.s.f.DefaultMavenResourcesFiltering - Copying 1 resource from src\main\resources to target\classes
2024-12-05 14:28:38,344 [Worker-9: Building] INFO  o.a.m.s.f.DefaultMavenResourcesFiltering - Copying 0 resource from src\main\resources to target\classes
2024-12-05 14:28:38,348 [Worker-9: Building] INFO  o.a.m.s.f.DefaultMavenResourcesFiltering - skip non existing resourceDirectory E:\Programs\Java Project\STS Workspace\Backend\src\test\resources
2024-12-05 14:29:09,976 [Worker-3: Building] INFO  o.a.m.s.f.DefaultMavenResourcesFiltering - Copying 1 resource from src\main\resources to target\classes
2024-12-05 14:29:09,984 [Worker-3: Building] INFO  o.a.m.s.f.DefaultMavenResourcesFiltering - Copying 0 resource from src\main\resources to target\classes
2024-12-05 14:29:09,989 [Worker-3: Building] INFO  o.a.m.s.f.DefaultMavenResourcesFiltering - skip non existing resourceDirectory E:\Programs\Java Project\STS Workspace\Backend\src\test\resources
2024-12-05 14:32:38,297 [Worker-15: Building] INFO  o.a.m.s.f.DefaultMavenResourcesFiltering - Copying 1 resource from src\main\resources to target\classes
2024-12-05 14:32:38,307 [Worker-15: Building] INFO  o.a.m.s.f.DefaultMavenResourcesFiltering - Copying 0 resource from src\main\resources to target\classes
2024-12-05 14:32:38,311 [Worker-15: Building] INFO  o.a.m.s.f.DefaultMavenResourcesFiltering - skip non existing resourceDirectory E:\Programs\Java Project\STS Workspace\Backend\src\test\resources
2024-12-05 14:33:07,494 [Worker-13: Building] INFO  o.a.m.s.f.DefaultMavenResourcesFiltering - Copying 1 resource from src\main\resources to target\classes
2024-12-05 14:33:07,514 [Worker-13: Building] INFO  o.a.m.s.f.DefaultMavenResourcesFiltering - Copying 0 resource from src\main\resources to target\classes
2024-12-05 14:33:07,524 [Worker-13: Building] INFO  o.a.m.s.f.DefaultMavenResourcesFiltering - skip non existing resourceDirectory E:\Programs\Java Project\STS Workspace\Backend\src\test\resources
2024-12-05 14:34:15,815 [Worker-18: Building] INFO  o.a.m.s.f.DefaultMavenResourcesFiltering - Copying 1 resource from src\main\resources to target\classes
2024-12-05 14:34:15,822 [Worker-18: Building] INFO  o.a.m.s.f.DefaultMavenResourcesFiltering - Copying 0 resource from src\main\resources to target\classes
2024-12-05 14:34:15,827 [Worker-18: Building] INFO  o.a.m.s.f.DefaultMavenResourcesFiltering - skip non existing resourceDirectory E:\Programs\Java Project\STS Workspace\Backend\src\test\resources
2024-12-05 14:34:38,244 [Worker-18: Building] INFO  o.a.m.s.f.DefaultMavenResourcesFiltering - Copying 1 resource from src\main\resources to target\classes
2024-12-05 14:34:38,267 [Worker-18: Building] INFO  o.a.m.s.f.DefaultMavenResourcesFiltering - Copying 0 resource from src\main\resources to target\classes
2024-12-05 14:34:38,272 [Worker-18: Building] INFO  o.a.m.s.f.DefaultMavenResourcesFiltering - skip non existing resourceDirectory E:\Programs\Java Project\STS Workspace\Backend\src\test\resources
2024-12-05 14:34:50,966 [Worker-12: Building] INFO  o.a.m.s.f.DefaultMavenResourcesFiltering - Copying 1 resource from src\main\resources to target\classes
2024-12-05 14:34:50,973 [Worker-12: Building] INFO  o.a.m.s.f.DefaultMavenResourcesFiltering - Copying 0 resource from src\main\resources to target\classes
2024-12-05 14:34:50,979 [Worker-12: Building] INFO  o.a.m.s.f.DefaultMavenResourcesFiltering - skip non existing resourceDirectory E:\Programs\Java Project\STS Workspace\Backend\src\test\resources
2024-12-05 20:27:15,955 [Worker-1: Loading available Gradle versions] INFO  o.e.b.c.i.u.g.PublishedGradleVersions - Gradle version information cache is out-of-date. Trying to update.
2024-12-05 20:29:57,836 [Worker-0: Building] INFO  o.a.m.s.f.DefaultMavenResourcesFiltering - Copying 1 resource from src\main\resources to target\classes
2024-12-05 20:29:57,862 [Worker-0: Building] INFO  o.a.m.s.f.DefaultMavenResourcesFiltering - Copying 0 resource from src\main\resources to target\classes
2024-12-05 20:29:57,868 [Worker-0: Building] INFO  o.a.m.s.f.DefaultMavenResourcesFiltering - skip non existing resourceDirectory E:\Programs\Java Project\STS Workspace\Backend\src\test\resources
2024-12-05 20:30:39,230 [Worker-0: Building] INFO  o.a.m.s.f.DefaultMavenResourcesFiltering - Copying 1 resource from src\main\resources to target\classes
2024-12-05 20:30:39,236 [Worker-0: Building] INFO  o.a.m.s.f.DefaultMavenResourcesFiltering - Copying 0 resource from src\main\resources to target\classes
2024-12-05 20:30:39,240 [Worker-0: Building] INFO  o.a.m.s.f.DefaultMavenResourcesFiltering - skip non existing resourceDirectory E:\Programs\Java Project\STS Workspace\Backend\src\test\resources
2024-12-05 20:30:45,224 [Worker-9: Building] INFO  o.a.m.s.f.DefaultMavenResourcesFiltering - Copying 1 resource from src\main\resources to target\classes
2024-12-05 20:30:45,231 [Worker-9: Building] INFO  o.a.m.s.f.DefaultMavenResourcesFiltering - Copying 0 resource from src\main\resources to target\classes
2024-12-05 20:30:45,235 [Worker-9: Building] INFO  o.a.m.s.f.DefaultMavenResourcesFiltering - skip non existing resourceDirectory E:\Programs\Java Project\STS Workspace\Backend\src\test\resources
2024-12-06 10:37:46,816 [Worker-3: Loading available Gradle versions] INFO  o.e.b.c.i.u.g.PublishedGradleVersions - Gradle version information cache is up-to-date. Trying to read.
2024-12-21 18:28:57,235 [Worker-2: Loading available Gradle versions] INFO  o.e.b.c.i.u.g.PublishedGradleVersions - Gradle version information cache is out-of-date. Trying to update.
2024-12-21 18:30:36,154 [Worker-0: Loading available Gradle versions] INFO  o.e.b.c.i.u.g.PublishedGradleVersions - Gradle version information cache is up-to-date. Trying to read.
2024-12-22 23:42:09,046 [Worker-4: Loading available Gradle versions] INFO  o.e.b.c.i.u.g.PublishedGradleVersions - Gradle version information cache is out-of-date. Trying to update.
2025-01-01 10:40:37,924 [Worker-5: Loading available Gradle versions] INFO  o.e.b.c.i.u.g.PublishedGradleVersions - Gradle version information cache is out-of-date. Trying to update.
2025-01-01 10:43:14,161 [Worker-2: Launching Backend - BackendApplication] INFO  o.a.m.s.f.DefaultMavenResourcesFiltering - Copying 1 resource from src\main\resources to target\classes
2025-01-01 10:43:14,191 [Worker-2: Launching Backend - BackendApplication] INFO  o.a.m.s.f.DefaultMavenResourcesFiltering - Copying 0 resource from src\main\resources to target\classes
2025-01-01 10:43:14,196 [Worker-2: Launching Backend - BackendApplication] INFO  o.a.m.s.f.DefaultMavenResourcesFiltering - skip non existing resourceDirectory E:\Programs\Java Project\STS Workspace\Backend\src\test\resources
2025-01-27 09:22:10,824 [Worker-1: Loading available Gradle versions] INFO  o.e.b.c.i.u.g.PublishedGradleVersions - Gradle version information cache is out-of-date. Trying to update.
